$ release-it --ci
WARNING Environment variable "GITHUB_TOKEN" is required for automated GitHub Releases.
WARNING Falling back to web-based GitHub Release.
🚀 Let's release @mono/config-release-it (0.0.0...0.1.0)
Changelog:
## 0.1.0 (2023-06-27)

### Features
* **root:** initial ([1ad33d3](https://github.com/thejaswitricon/turbo/commit/1ad33d3f843b415e2a1d04c82e34f6345b9033ec))
* **root:** initial ([fcea484](https://github.com/thejaswitricon/turbo/commit/fcea484a1caa6d25938e0e2e66aed2aefb742ff9))
* **root:** initial ([2c67558](https://github.com/thejaswitricon/turbo/commit/2c67558a0b5acca7d2da6a61731814fe58c99703))
* **root:** initial ([712c65b](https://github.com/thejaswitricon/turbo/commit/712c65b58d1fb0b5b399d15fb7bf38571e237ffb))
* **root:** initial ([9b71850](https://github.com/thejaswitricon/turbo/commit/9b71850a7acb95d80e0ca80ab4ae8259bdcd117c))
* **root:** initial ([3240d08](https://github.com/thejaswitricon/turbo/commit/3240d0816991a1f0b529f1bd22f405319d0af4e7))
* **root:** initial ([0f7150d](https://github.com/thejaswitricon/turbo/commit/0f7150d2ca6d8fdd545611ee7132d80ba1cc48eb))
* **root:** initial ([3233440](https://github.com/thejaswitricon/turbo/commit/3233440f08899b0a29862f7a96b204022fa33e3d))
* **root:** initial ([3430728](https://github.com/thejaswitricon/turbo/commit/34307284200dbf4e50f063044061351a2243a6b4))
* **root:** initial ([afe1d0a](https://github.com/thejaswitricon/turbo/commit/afe1d0a4c6970ee40d43f49d62a0f824b28f2f80))
* **root:** initial ([2245bfa](https://github.com/thejaswitricon/turbo/commit/2245bfa56fe20874df89117f4d4a954adb27f1a8))
* **root:** initial ([99cbaa9](https://github.com/thejaswitricon/turbo/commit/99cbaa9ca387dae757ac33c29918b399da3f12e8))
* **root:** initial ([bc612c5](https://github.com/thejaswitricon/turbo/commit/bc612c54b8b161b60692ecfb567a9eaa9f7b2a5e))
* **root:** initial ([46e3395](https://github.com/thejaswitricon/turbo/commit/46e3395b7e28801c147da97e960dfd8a6f544556))
* **root:** initial ([ea96760](https://github.com/thejaswitricon/turbo/commit/ea9676035da870f627c2c0cc83b6b701d8961e5b))
* **root:** initial ([91ecbd7](https://github.com/thejaswitricon/turbo/commit/91ecbd713c261610a532ce3224f96fe536d0f34c))
* **root:** initial ([5821a0d](https://github.com/thejaswitricon/turbo/commit/5821a0d198f2797143d1de06021e3d4733711fe8))
* **root:** initial ([fba81fc](https://github.com/thejaswitricon/turbo/commit/fba81fcff28d70a336be5dff7f7c6678ee200133))
* **root:** initial ([a063b9c](https://github.com/thejaswitricon/turbo/commit/a063b9c23cbb1a7084020b452fb1948afd08209a))
* **root:** initial ([585e4db](https://github.com/thejaswitricon/turbo/commit/585e4db30de6b54379dfa922b5346279ed5546b9))
* **root:** initial ([2af3dda](https://github.com/thejaswitricon/turbo/commit/2af3dda00500ddeec0d3707320e56e0e24b2e739))
* **root:** initial ([ba33a87](https://github.com/thejaswitricon/turbo/commit/ba33a87ca1c86dda2b6cee7cc21fb69800cebb04))
* **root:** initial ([78947bb](https://github.com/thejaswitricon/turbo/commit/78947bbd658ab00894a73387c38ae8c79cec971e))
* **root:** initial ([d65435c](https://github.com/thejaswitricon/turbo/commit/d65435ca46ba66ea5750d9d2f76f2e5db01d6e3c))
* **root:** initial ([7726d09](https://github.com/thejaswitricon/turbo/commit/7726d0980240296b2600f61d5aa67888db2a9c94))
* **root:** initial ([50f846e](https://github.com/thejaswitricon/turbo/commit/50f846e508d846febc260f65c78d2abb008e2645))
* **root:** initial ([016c725](https://github.com/thejaswitricon/turbo/commit/016c725523219fd8a8a0e5e36c92eb0592787635))
* **root:** initial ([1097248](https://github.com/thejaswitricon/turbo/commit/109724801fb88bff07039fd3d1ff157f0e8c122c))
* **root:** initial ([0e179c8](https://github.com/thejaswitricon/turbo/commit/0e179c8cb42b348b82a7472004bf84296d5b5b2e))
* **root:** initial ([f37f825](https://github.com/thejaswitricon/turbo/commit/f37f8254339ff149b296f1e4b86e3afef576a547))

### Bug Fixes
* **root:** initial ([9d23584](https://github.com/thejaswitricon/turbo/commit/9d23584f86e3553f31cf1ba3d4585dd04ba572cb))
- npm version
✔ npm version
Changeset:
A  CHANGELOG.md
 M package.json
- mvm-update
✔ mvm-update
- git add --all
✔ git add --all
- Git commit
✔ Git commit
- Git tag
✔ Git tag
- Git push
✔ Git push
- Generating link to GitHub Release web interface
✔ Generating link to GitHub Release web interface
🔗 https://github.com/thejaswitricon/turbo/releases/new?tag=%40mono%2Fconfig-release-it-v0.1.0&title=%40mono%2Fconfig-release-it-v0.1.0&body=%23%23+0.1.0+%282023-06-27%29%0A%0A%0A%23%23%23+Features%0A%0A*+**root%3A**+initial+%28%5B1ad33d3%5D%28https%3A%2F%2Fgithub.com%2Fthejaswitricon%2Fturbo%2Fcommit%2F1ad33d3f843b415e2a1d04c82e34f6345b9033ec%29%29%0A*+**root%3A**+initial+%28%5Bfcea484%5D%28https%3A%2F%2Fgithub.com%2Fthejaswitricon%2Fturbo%2Fcommit%2Ffcea484a1caa6d25938e0e2e66aed2aefb742ff9%29%29%0A*+**root%3A**+initial+%28%5B2c67558%5D%28https%3A%2F%2Fgithub.com%2Fthejaswitricon%2Fturbo%2Fcommit%2F2c67558a0b5acca7d2da6a61731814fe58c99703%29%29%0A*+**root%3A**+initial+%28%5B712c65b%5D%28https%3A%2F%2Fgithub.com%2Fthejaswitricon%2Fturbo%2Fcommit%2F712c65b58d1fb0b5b399d15fb7bf38571e237ffb%29%29%0A*+**root%3A**+initial+%28%5B9b71850%5D%28https%3A%2F%2Fgithub.com%2Fthejaswitricon%2Fturbo%2Fcommit%2F9b71850a7acb95d80e0ca80ab4ae8259bdcd117c%29%29%0A*+**root%3A**+initial+%28%5B3240d08%5D%28https%3A%2F%2Fgithub.com%2Fthejaswitricon%2Fturbo%2Fcommit%2F3240d0816991a1f0b529f1bd22f405319d0af4e7%29%29%0A*+**root%3A**+initial+%28%5B0f7150d%5D%28https%3A%2F%2Fgithub.com%2Fthejaswitricon%2Fturbo%2Fcommit%2F0f7150d2ca6d8fdd545611ee7132d80ba1cc48eb%29%29%0A*+**root%3A**+initial+%28%5B3233440%5D%28https%3A%2F%2Fgithub.com%2Fthejaswitricon%2Fturbo%2Fcommit%2F3233440f08899b0a29862f7a96b204022fa33e3d%29%29%0A*+**root%3A**+initial+%28%5B3430728%5D%28https%3A%2F%2Fgithub.com%2Fthejaswitricon%2Fturbo%2Fcommit%2F34307284200dbf4e50f063044061351a2243a6b4%29%29%0A*+**root%3A**+initial+%28%5Bafe1d0a%5D%28https%3A%2F%2Fgithub.com%2Fthejaswitricon%2Fturbo%2Fcommit%2Fafe1d0a4c6970ee40d43f49d62a0f824b28f2f80%29%29%0A*+**root%3A**+initial+%28%5B2245bfa%5D%28https%3A%2F%2Fgithub.com%2Fthejaswitricon%2Fturbo%2Fcommit%2F2245bfa56fe20874df89117f4d4a954adb27f1a8%29%29%0A*+**root%3A**+initial+%28%5B99cbaa9%5D%28https%3A%2F%2Fgithub.com%2Fthejaswitricon%2Fturbo%2Fcommit%2F99cbaa9ca387dae757ac33c29918b399da3f12e8%29%29%0A*+**root%3A**+initial+%28%5Bbc612c5%5D%28https%3A%2F%2Fgithub.com%2Fthejaswitricon%2Fturbo%2Fcommit%2Fbc612c54b8b161b60692ecfb567a9eaa9f7b2a5e%29%29%0A*+**root%3A**+initial+%28%5B46e3395%5D%28https%3A%2F%2Fgithub.com%2Fthejaswitricon%2Fturbo%2Fcommit%2F46e3395b7e28801c147da97e960dfd8a6f544556%29%29%0A*+**root%3A**+initial+%28%5Bea96760%5D%28https%3A%2F%2Fgithub.com%2Fthejaswitricon%2Fturbo%2Fcommit%2Fea9676035da870f627c2c0cc83b6b701d8961e5b%29%29%0A*+**root%3A**+initial+%28%5B91ecbd7%5D%28https%3A%2F%2Fgithub.com%2Fthejaswitricon%2Fturbo%2Fcommit%2F91ecbd713c261610a532ce3224f96fe536d0f34c%29%29%0A*+**root%3A**+initial+%28%5B5821a0d%5D%28https%3A%2F%2Fgithub.com%2Fthejaswitricon%2Fturbo%2Fcommit%2F5821a0d198f2797143d1de06021e3d4733711fe8%29%29%0A*+**root%3A**+initial+%28%5Bfba81fc%5D%28https%3A%2F%2Fgithub.com%2Fthejaswitricon%2Fturbo%2Fcommit%2Ffba81fcff28d70a336be5dff7f7c6678ee200133%29%29%0A*+**root%3A**+initial+%28%5Ba063b9c%5D%28https%3A%2F%2Fgithub.com%2Fthejaswitricon%2Fturbo%2Fcommit%2Fa063b9c23cbb1a7084020b452fb1948afd08209a%29%29%0A*+**root%3A**+initial+%28%5B585e4db%5D%28https%3A%2F%2Fgithub.com%2Fthejaswitricon%2Fturbo%2Fcommit%2F585e4db30de6b54379dfa922b5346279ed5546b9%29%29%0A*+**root%3A**+initial+%28%5B2af3dda%5D%28https%3A%2F%2Fgithub.com%2Fthejaswitricon%2Fturbo%2Fcommit%2F2af3dda00500ddeec0d3707320e56e0e24b2e739%29%29%0A*+**root%3A**+initial+%28%5Bba33a87%5D%28https%3A%2F%2Fgithub.com%2Fthejaswitricon%2Fturbo%2Fcommit%2Fba33a87ca1c86dda2b6cee7cc21fb69800cebb04%29%29%0A*+**root%3A**+initial+%28%5B78947bb%5D%28https%3A%2F%2Fgithub.com%2Fthejaswitricon%2Fturbo%2Fcommit%2F78947bbd658ab00894a73387c38ae8c79cec971e%29%29%0A*+**root%3A**+initial+%28%5Bd65435c%5D%28https%3A%2F%2Fgithub.com%2Fthejaswitricon%2Fturbo%2Fcommit%2Fd65435ca46ba66ea5750d9d2f76f2e5db01d6e3c%29%29%0A*+**root%3A**+initial+%28%5B7726d09%5D%28https%3A%2F%2Fgithub.com%2Fthejaswitricon%2Fturbo%2Fcommit%2F7726d0980240296b2600f61d5aa67888db2a9c94%29%29%0A*+**root%3A**+initial+%28%5B50f846e%5D%28https%3A%2F%2Fgithub.com%2Fthejaswitricon%2Fturbo%2Fcommit%2F50f846e508d846febc260f65c78d2abb008e2645%29%29%0A*+**root%3A**+initial+%28%5B016c725%5D%28https%3A%2F%2Fgithub.com%2Fthejaswitricon%2Fturbo%2Fcommit%2F016c725523219fd8a8a0e5e36c92eb0592787635%29%29%0A*+**root%3A**+initial+%28%5B1097248%5D%28https%3A%2F%2Fgithub.com%2Fthejaswitricon%2Fturbo%2Fcommit%2F109724801fb88bff07039fd3d1ff157f0e8c122c%29%29%0A*+**root%3A**+initial+%28%5B0e179c8%5D%28https%3A%2F%2Fgithub.com%2Fthejaswitricon%2Fturbo%2Fcommit%2F0e179c8cb42b348b82a7472004bf84296d5b5b2e%29%29%0A*+**root%3A**+initial+%28%5Bf37f825%5D%28https%3A%2F%2Fgithub.com%2Fthejaswitricon%2Fturbo%2Fcommit%2Ff37f8254339ff149b296f1e4b86e3afef576a547%29%29%0A%0A%0A%23%23%23+Bug+Fixes%0A%0A*+**root%3A**+initial+%28%5B9d23584%5D%28https%3A%2F%2Fgithub.com%2Fthejaswitricon%2Fturbo%2Fcommit%2F9d23584f86e3553f31cf1ba3d4585dd04ba572cb%29%29&prerelease=false
🏁 Done (in 6s.)
