$ release-it --ci
WARNING Environment variable "GITHUB_TOKEN" is required for automated GitHub Releases.
WARNING Falling back to web-based GitHub Release.
🚀 Let's release @mono/app-a (0.0.0...0.1.0)
Changelog:
## 0.1.0 (2023-06-27)

### Features
* **config-release-it:** released version v0.1.0 [no ci] ([4cfa016](https://github.com/thejaswitricon/turbo/commit/4cfa0168b7dab9ec94268d73944dded44132fbdf))
* **config-release-it:** released version v0.2.0 [no ci] ([3f90da0](https://github.com/thejaswitricon/turbo/commit/3f90da09cf3ad274b3bd844e0ddf4baa6ee2a5f7))
* **config-release-it:** released version v0.3.0 [no ci] ([c7e64f9](https://github.com/thejaswitricon/turbo/commit/c7e64f9fce12cbda13c0692640056f0383a00ee6))
* **root:** initial ([e65343a](https://github.com/thejaswitricon/turbo/commit/e65343a6573d903b6c9d2f8416bd5a242f75d44c))
* **root:** initial ([143351b](https://github.com/thejaswitricon/turbo/commit/143351bbf0695270e7b01d27ab195da9ace6ded7))
* **root:** initial ([c064dff](https://github.com/thejaswitricon/turbo/commit/c064dffaacbdf5d2a241acfcdc499c76197df53e))
* **root:** initial ([a0cc6b2](https://github.com/thejaswitricon/turbo/commit/a0cc6b20fe2d69b12e0e4b3e9403d834a668e5fe))
* **root:** initial ([8c677b7](https://github.com/thejaswitricon/turbo/commit/8c677b702998cdaa4fc52eaaac0de4283d0d00cf))
* **root:** initial ([f39ae76](https://github.com/thejaswitricon/turbo/commit/f39ae7683800990a73ccac9de712ac1702782343))
* **root:** initial ([fcea484](https://github.com/thejaswitricon/turbo/commit/fcea484a1caa6d25938e0e2e66aed2aefb742ff9))
* **root:** initial ([2c67558](https://github.com/thejaswitricon/turbo/commit/2c67558a0b5acca7d2da6a61731814fe58c99703))
* **root:** initial ([3233440](https://github.com/thejaswitricon/turbo/commit/3233440f08899b0a29862f7a96b204022fa33e3d))
* **root:** initial ([2245bfa](https://github.com/thejaswitricon/turbo/commit/2245bfa56fe20874df89117f4d4a954adb27f1a8))
* **root:** initial ([08bfa6d](https://github.com/thejaswitricon/turbo/commit/08bfa6d72041092f1c0f19e3bb4103908d778b68))
* **root:** initial ([bc612c5](https://github.com/thejaswitricon/turbo/commit/bc612c54b8b161b60692ecfb567a9eaa9f7b2a5e))
* **root:** initial ([46e3395](https://github.com/thejaswitricon/turbo/commit/46e3395b7e28801c147da97e960dfd8a6f544556))
* **root:** initial ([1f72662](https://github.com/thejaswitricon/turbo/commit/1f7266234fd72e1c65ba347821d60f42e15d19d6))
* **root:** initial ([78947bb](https://github.com/thejaswitricon/turbo/commit/78947bbd658ab00894a73387c38ae8c79cec971e))
* **root:** initial ([7726d09](https://github.com/thejaswitricon/turbo/commit/7726d0980240296b2600f61d5aa67888db2a9c94))
* **root:** initial ([50f846e](https://github.com/thejaswitricon/turbo/commit/50f846e508d846febc260f65c78d2abb008e2645))
* **root:** initial ([1097248](https://github.com/thejaswitricon/turbo/commit/109724801fb88bff07039fd3d1ff157f0e8c122c))
* **root:** initial ([f37f825](https://github.com/thejaswitricon/turbo/commit/f37f8254339ff149b296f1e4b86e3afef576a547))
- npm version
✔ npm version
Changeset:
A  CHANGELOG.md
 M package.json
- mvm-update
✔ mvm-update
- git add --all
✔ git add --all
- Git commit
✔ Git commit
- Git tag
✔ Git tag
- Git push
✔ Git push
- Generating link to GitHub Release web interface
✔ Generating link to GitHub Release web interface
🔗 https://github.com/thejaswitricon/turbo/releases/new?tag=%40mono%2Fapp-a-v0.1.0&title=%40mono%2Fapp-a-v0.1.0&body=%23%23+0.1.0+%282023-06-27%29%0A%0A%0A%23%23%23+Features%0A%0A*+**config-release-it%3A**+released+version+v0.1.0+%5Bno+ci%5D+%28%5B4cfa016%5D%28https%3A%2F%2Fgithub.com%2Fthejaswitricon%2Fturbo%2Fcommit%2F4cfa0168b7dab9ec94268d73944dded44132fbdf%29%29%0A*+**config-release-it%3A**+released+version+v0.2.0+%5Bno+ci%5D+%28%5B3f90da0%5D%28https%3A%2F%2Fgithub.com%2Fthejaswitricon%2Fturbo%2Fcommit%2F3f90da09cf3ad274b3bd844e0ddf4baa6ee2a5f7%29%29%0A*+**config-release-it%3A**+released+version+v0.3.0+%5Bno+ci%5D+%28%5Bc7e64f9%5D%28https%3A%2F%2Fgithub.com%2Fthejaswitricon%2Fturbo%2Fcommit%2Fc7e64f9fce12cbda13c0692640056f0383a00ee6%29%29%0A*+**root%3A**+initial+%28%5Be65343a%5D%28https%3A%2F%2Fgithub.com%2Fthejaswitricon%2Fturbo%2Fcommit%2Fe65343a6573d903b6c9d2f8416bd5a242f75d44c%29%29%0A*+**root%3A**+initial+%28%5B143351b%5D%28https%3A%2F%2Fgithub.com%2Fthejaswitricon%2Fturbo%2Fcommit%2F143351bbf0695270e7b01d27ab195da9ace6ded7%29%29%0A*+**root%3A**+initial+%28%5Bc064dff%5D%28https%3A%2F%2Fgithub.com%2Fthejaswitricon%2Fturbo%2Fcommit%2Fc064dffaacbdf5d2a241acfcdc499c76197df53e%29%29%0A*+**root%3A**+initial+%28%5Ba0cc6b2%5D%28https%3A%2F%2Fgithub.com%2Fthejaswitricon%2Fturbo%2Fcommit%2Fa0cc6b20fe2d69b12e0e4b3e9403d834a668e5fe%29%29%0A*+**root%3A**+initial+%28%5B8c677b7%5D%28https%3A%2F%2Fgithub.com%2Fthejaswitricon%2Fturbo%2Fcommit%2F8c677b702998cdaa4fc52eaaac0de4283d0d00cf%29%29%0A*+**root%3A**+initial+%28%5Bf39ae76%5D%28https%3A%2F%2Fgithub.com%2Fthejaswitricon%2Fturbo%2Fcommit%2Ff39ae7683800990a73ccac9de712ac1702782343%29%29%0A*+**root%3A**+initial+%28%5Bfcea484%5D%28https%3A%2F%2Fgithub.com%2Fthejaswitricon%2Fturbo%2Fcommit%2Ffcea484a1caa6d25938e0e2e66aed2aefb742ff9%29%29%0A*+**root%3A**+initial+%28%5B2c67558%5D%28https%3A%2F%2Fgithub.com%2Fthejaswitricon%2Fturbo%2Fcommit%2F2c67558a0b5acca7d2da6a61731814fe58c99703%29%29%0A*+**root%3A**+initial+%28%5B3233440%5D%28https%3A%2F%2Fgithub.com%2Fthejaswitricon%2Fturbo%2Fcommit%2F3233440f08899b0a29862f7a96b204022fa33e3d%29%29%0A*+**root%3A**+initial+%28%5B2245bfa%5D%28https%3A%2F%2Fgithub.com%2Fthejaswitricon%2Fturbo%2Fcommit%2F2245bfa56fe20874df89117f4d4a954adb27f1a8%29%29%0A*+**root%3A**+initial+%28%5B08bfa6d%5D%28https%3A%2F%2Fgithub.com%2Fthejaswitricon%2Fturbo%2Fcommit%2F08bfa6d72041092f1c0f19e3bb4103908d778b68%29%29%0A*+**root%3A**+initial+%28%5Bbc612c5%5D%28https%3A%2F%2Fgithub.com%2Fthejaswitricon%2Fturbo%2Fcommit%2Fbc612c54b8b161b60692ecfb567a9eaa9f7b2a5e%29%29%0A*+**root%3A**+initial+%28%5B46e3395%5D%28https%3A%2F%2Fgithub.com%2Fthejaswitricon%2Fturbo%2Fcommit%2F46e3395b7e28801c147da97e960dfd8a6f544556%29%29%0A*+**root%3A**+initial+%28%5B1f72662%5D%28https%3A%2F%2Fgithub.com%2Fthejaswitricon%2Fturbo%2Fcommit%2F1f7266234fd72e1c65ba347821d60f42e15d19d6%29%29%0A*+**root%3A**+initial+%28%5B78947bb%5D%28https%3A%2F%2Fgithub.com%2Fthejaswitricon%2Fturbo%2Fcommit%2F78947bbd658ab00894a73387c38ae8c79cec971e%29%29%0A*+**root%3A**+initial+%28%5B7726d09%5D%28https%3A%2F%2Fgithub.com%2Fthejaswitricon%2Fturbo%2Fcommit%2F7726d0980240296b2600f61d5aa67888db2a9c94%29%29%0A*+**root%3A**+initial+%28%5B50f846e%5D%28https%3A%2F%2Fgithub.com%2Fthejaswitricon%2Fturbo%2Fcommit%2F50f846e508d846febc260f65c78d2abb008e2645%29%29%0A*+**root%3A**+initial+%28%5B1097248%5D%28https%3A%2F%2Fgithub.com%2Fthejaswitricon%2Fturbo%2Fcommit%2F109724801fb88bff07039fd3d1ff157f0e8c122c%29%29%0A*+**root%3A**+initial+%28%5Bf37f825%5D%28https%3A%2F%2Fgithub.com%2Fthejaswitricon%2Fturbo%2Fcommit%2Ff37f8254339ff149b296f1e4b86e3afef576a547%29%29&prerelease=false
🏁 Done (in 5s.)
