$ release-it --ci
WARNING Environment variable "GITHUB_TOKEN" is required for automated GitHub Releases.
WARNING Falling back to web-based GitHub Release.
🚀 Let's release @mono/lib-c (0.3.0...0.4.0)
Changelog:
## [0.4.0](https://github.com/thejaswitricon/turbo/compare/@mono/lib-c-v0.3.0...@mono/lib-c-v0.4.0) (2023-06-27)

### Features
* **root:** initial ([ed85b60](https://github.com/thejaswitricon/turbo/commit/ed85b60b735c4219f3ac16368883488679670426))
* **root:** initial ([f8bde8a](https://github.com/thejaswitricon/turbo/commit/f8bde8a69e2a9090592ae6024cfb0bd4eaa8b63e))
* **root:** initial ([6b39b43](https://github.com/thejaswitricon/turbo/commit/6b39b43aa86e21d932ac334a146ddcbd41876869))
* **root:** initial ([c95bdc9](https://github.com/thejaswitricon/turbo/commit/c95bdc9af3e8a49c74b4c54f3c189c5ee4c5961e))
- npm version
✔ npm version
Changeset:
 M CHANGELOG.md
 M package.json
- mvm-update
✔ mvm-update
- git add --all
✔ git add --all
- Git commit
✔ Git commit
- Git tag
✔ Git tag
- Git push
✔ Git push
- Generating link to GitHub Release web interface
✔ Generating link to GitHub Release web interface
🔗 https://github.com/thejaswitricon/turbo/releases/new?tag=%40mono%2Flib-c-v0.4.0&title=%40mono%2Flib-c-v0.4.0&body=%23%23+%5B0.4.0%5D%28https%3A%2F%2Fgithub.com%2Fthejaswitricon%2Fturbo%2Fcompare%2F%40mono%2Flib-c-v0.3.0...%40mono%2Flib-c-v0.4.0%29+%282023-06-27%29%0A%0A%0A%23%23%23+Features%0A%0A*+**root%3A**+initial+%28%5Bed85b60%5D%28https%3A%2F%2Fgithub.com%2Fthejaswitricon%2Fturbo%2Fcommit%2Fed85b60b735c4219f3ac16368883488679670426%29%29%0A*+**root%3A**+initial+%28%5Bf8bde8a%5D%28https%3A%2F%2Fgithub.com%2Fthejaswitricon%2Fturbo%2Fcommit%2Ff8bde8a69e2a9090592ae6024cfb0bd4eaa8b63e%29%29%0A*+**root%3A**+initial+%28%5B6b39b43%5D%28https%3A%2F%2Fgithub.com%2Fthejaswitricon%2Fturbo%2Fcommit%2F6b39b43aa86e21d932ac334a146ddcbd41876869%29%29%0A*+**root%3A**+initial+%28%5Bc95bdc9%5D%28https%3A%2F%2Fgithub.com%2Fthejaswitricon%2Fturbo%2Fcommit%2Fc95bdc9af3e8a49c74b4c54f3c189c5ee4c5961e%29%29&prerelease=false
🏁 Done (in 5s.)
